01:27:31.727 [TestNG-tests-3] INFO  tests.FullFlow - *** Cart contains 2 items ***
01:27:31.740 [TestNG-tests-3] INFO  tests.FullFlow - *** Ending Test ***
01:27:32.275 [TestNG-tests-1] INFO  tests.FullFlow - *** Designer Men Casual Formal Double Cuffs Grandad Band Collar Shirt Elegant Tie Added to cart successfully ***
01:27:32.304 [TestNG-tests-1] INFO  tests.FullFlow - *** Cart contains 2 items ***
01:27:32.308 [TestNG-tests-1] INFO  tests.FullFlow - *** Ending Test ***
01:27:32.568 [TestNG-tests-2] INFO  tests.FullFlow - *** Product Name : Ruby Shoo Womens Jada T-Bar ***
01:27:32.568 [TestNG-tests-2] INFO  tests.FullFlow - *** Product Price : $78.00 ***
01:27:32.568 [TestNG-tests-2] INFO  tests.FullFlow - *** Available Stock : Available but stock count not mentioned ***
01:27:32.569 [TestNG-tests-2] INFO  tests.FullFlow - *** Product URL : https://automationteststore.com/index.php?rt=product/product&path=68_69&product_id=117 ***
01:27:34.074 [TestNG-tests-2] INFO  tests.FullFlow - *** Ruby Shoo Womens Jada T-Bar Added to cart successfully ***
01:27:34.103 [TestNG-tests-2] INFO  tests.FullFlow - *** Cart contains 1 items ***
01:27:34.115 [TestNG-tests-2] INFO  tests.FullFlow - *** Ending Test ***
01:37:59.108 [main] INFO  org.testng.internal.Utils - [TestNG] Running:
  D:\Project Files\GitHub Eclipse WorkSpace\ECommerce_Testing_Assignment\testng.xml

01:38:06.836 [main] INFO  tests.FullFlow - *** Starting Test ***
01:38:06.884 [main] INFO  tests.FullFlow - *** Printing Main menu items ***
01:38:07.038 [main] INFO  tests.FullFlow - *** Categories found:   APPAREL & ACCESSORIES,   MAKEUP,   SKINCARE,   FRAGRANCE,   MEN,   HAIR CARE,   BOOKS ***
01:38:08.980 [main] INFO  tests.FullFlow - *** Adding two items to cart ***
01:38:10.316 [main] INFO  tests.FullFlow - *** Product Name : Delicate Oil-Free Powder Blush ***
01:38:10.317 [main] INFO  tests.FullFlow - *** Product Price : $29.50 ***
01:38:10.317 [main] INFO  tests.FullFlow - *** Available Stock : Available but stock count not mentioned ***
01:38:10.317 [main] INFO  tests.FullFlow - *** Product URL : https://automationteststore.com/index.php?rt=product/product&path=36_38&product_id=57 ***
01:38:11.396 [main] INFO  tests.FullFlow - *** Delicate Oil-Free Powder Blush Added to cart successfully ***
01:38:14.470 [main] INFO  tests.FullFlow - *** Product Name : Men+Care Clean Comfort Deodorant ***
01:38:14.470 [main] INFO  tests.FullFlow - *** Product Price : $7.20 ***
01:38:14.470 [main] INFO  tests.FullFlow - *** Available Stock : 999240 ***
01:38:14.470 [main] INFO  tests.FullFlow - *** Product URL : https://automationteststore.com/index.php?rt=product/product&path=58_60&product_id=76 ***
01:38:15.615 [main] INFO  tests.FullFlow - *** Men+Care Clean Comfort Deodorant Added to cart successfully ***
01:38:15.655 [main] INFO  tests.FullFlow - *** Cart contains 2 items ***
01:38:15.666 [main] INFO  tests.FullFlow - *** Ending Test ***
01:40:40.800 [main] INFO  org.testng.internal.Utils - [TestNG] Running:
  D:\Project Files\GitHub Eclipse WorkSpace\ECommerce_Testing_Assignment\ParallelTesting.xml

01:40:48.270 [TestNG-tests-3] INFO  tests.FullFlow - *** Starting Test ***
01:40:48.299 [TestNG-tests-3] INFO  tests.FullFlow - *** Printing Main menu items ***
01:40:48.501 [TestNG-tests-3] INFO  tests.FullFlow - *** Categories found:   APPAREL & ACCESSORIES,   MAKEUP,   SKINCARE,   FRAGRANCE,   MEN,   HAIR CARE,   BOOKS ***
01:40:49.486 [TestNG-tests-2] INFO  tests.FullFlow - *** Starting Test ***
01:40:49.498 [TestNG-tests-2] INFO  tests.FullFlow - *** Printing Main menu items ***
01:40:49.690 [TestNG-tests-2] INFO  tests.FullFlow - *** Categories found:   APPAREL & ACCESSORIES,   MAKEUP,   SKINCARE,   FRAGRANCE,   MEN,   HAIR CARE,   BOOKS ***
01:40:50.798 [TestNG-tests-1] INFO  tests.FullFlow - *** Starting Test ***
01:40:50.802 [TestNG-tests-1] INFO  tests.FullFlow - *** Printing Main menu items ***
01:40:50.946 [TestNG-tests-1] INFO  tests.FullFlow - *** Categories found:   APPAREL & ACCESSORIES,   MAKEUP,   SKINCARE,   FRAGRANCE,   MEN,   HAIR CARE,   BOOKS ***
01:40:51.589 [TestNG-tests-3] INFO  tests.FullFlow - *** Adding two items to cart ***
01:40:52.438 [TestNG-tests-2] INFO  tests.FullFlow - *** Adding two items to cart ***
01:40:52.877 [TestNG-tests-1] INFO  tests.FullFlow - *** Adding two items to cart ***
01:40:54.055 [TestNG-tests-1] INFO  tests.FullFlow - *** Product Name : Flash Bronzer Body Gel ***
01:40:54.055 [TestNG-tests-1] INFO  tests.FullFlow - *** Product Price : $29.00 ***
01:40:54.055 [TestNG-tests-1] INFO  tests.FullFlow - *** Available Stock : 9885349 ***
01:40:54.055 [TestNG-tests-1] INFO  tests.FullFlow - *** Product URL : https://automationteststore.com/index.php?rt=product/product&path=43_44&product_id=67 ***
01:40:54.248 [TestNG-tests-2] INFO  tests.FullFlow - *** Product Name : Obsession Night Perfume ***
01:40:54.249 [TestNG-tests-2] INFO  tests.FullFlow - *** Product Price : $39.00 ***
01:40:54.249 [TestNG-tests-2] INFO  tests.FullFlow - *** Available Stock : Available but stock count not mentioned ***
01:40:54.249 [TestNG-tests-2] INFO  tests.FullFlow - *** Product URL : https://automationteststore.com/index.php?rt=product/product&path=58_59&product_id=90 ***
01:40:55.065 [TestNG-tests-1] INFO  tests.FullFlow - *** Flash Bronzer Body Gel Added to cart successfully ***
01:40:55.763 [TestNG-tests-2] INFO  tests.FullFlow - *** Obsession Night Perfume Added to cart successfully ***
01:40:58.369 [TestNG-tests-1] INFO  tests.FullFlow - *** Product Name : Armani Code Pour Femme ***
01:40:58.370 [TestNG-tests-1] INFO  tests.FullFlow - *** Product Price : $30.00 ***
01:40:58.370 [TestNG-tests-1] INFO  tests.FullFlow - *** Available Stock : Available but stock count not mentioned ***
01:40:58.370 [TestNG-tests-1] INFO  tests.FullFlow - *** Product URL : https://automationteststore.com/index.php?rt=product/product&path=49_50&product_id=84 ***
01:40:59.422 [TestNG-tests-1] INFO  tests.FullFlow - *** Armani Code Pour Femme Added to cart successfully ***
01:40:59.457 [TestNG-tests-1] INFO  tests.FullFlow - *** Cart contains 2 items ***
01:40:59.464 [TestNG-tests-1] INFO  tests.FullFlow - *** Ending Test ***
01:41:00.375 [TestNG-tests-2] INFO  tests.FullFlow - *** Product Name : Ruby Shoo Womens Jada T-Bar ***
01:41:00.378 [TestNG-tests-2] INFO  tests.FullFlow - *** Product Price : $78.00 ***
01:41:00.378 [TestNG-tests-2] INFO  tests.FullFlow - *** Available Stock : Available but stock count not mentioned ***
01:41:00.378 [TestNG-tests-2] INFO  tests.FullFlow - *** Product URL : https://automationteststore.com/index.php?rt=product/product&path=68_69&product_id=117 ***
01:41:01.911 [TestNG-tests-2] INFO  tests.FullFlow - *** Ruby Shoo Womens Jada T-Bar Added to cart successfully ***
01:41:01.939 [TestNG-tests-2] INFO  tests.FullFlow - *** Cart contains 2 items ***
01:41:01.941 [TestNG-tests-2] INFO  tests.FullFlow - *** Ending Test ***
01:41:03.290 [TestNG-tests-3] INFO  tests.FullFlow - *** Product Name : L'EXTRÊME Instant Extensions Lengthening Mascara ***
01:41:03.290 [TestNG-tests-3] INFO  tests.FullFlow - *** Product Price : $25.00 ***
01:41:03.291 [TestNG-tests-3] INFO  tests.FullFlow - *** Available Stock : 1983 ***
01:41:03.291 [TestNG-tests-3] INFO  tests.FullFlow - *** Product URL : https://automationteststore.com/index.php?rt=product/product&path=36_39&product_id=54 ***
01:41:03.291 [TestNG-tests-3] WARN  tests.FullFlow - Product not added - Reason: Add to Cart button not visible or not enabled
01:41:17.712 [TestNG-tests-3] INFO  tests.FullFlow - *** Product Name : Creme Precieuse Nuit 50ml ***
01:41:17.713 [TestNG-tests-3] INFO  tests.FullFlow - *** Product Price : $220.00 ***
01:41:17.713 [TestNG-tests-3] INFO  tests.FullFlow - *** Available Stock : Out of Stock ***
01:41:17.714 [TestNG-tests-3] INFO  tests.FullFlow - *** Product URL : https://automationteststore.com/index.php?rt=product/product&path=43_46&product_id=93 ***
01:41:17.714 [TestNG-tests-3] WARN  tests.FullFlow - Product not added to cart - Reason: Out of Stock
01:41:22.408 [TestNG-tests-3] INFO  tests.FullFlow - *** Product Name : The Miracle Morning: The Not-So-Obvious Secret Guaranteed to Transform Your Life ***
01:41:22.408 [TestNG-tests-3] INFO  tests.FullFlow - *** Product Price : $16.20 ***
01:41:22.408 [TestNG-tests-3] INFO  tests.FullFlow - *** Available Stock : 9885860 ***
01:41:22.408 [TestNG-tests-3] INFO  tests.FullFlow - *** Product URL : https://automationteststore.com/index.php?rt=product/product&path=65_67&product_id=112 ***
01:41:23.901 [TestNG-tests-3] INFO  tests.FullFlow - *** The Miracle Morning: The Not-So-Obvious Secret Guaranteed to Transform Your Life Added to cart successfully ***
01:41:38.440 [TestNG-tests-3] ERROR tests.FullFlow - Failed to add product: no such element: Unable to locate element: {"method":"xpath","selector":"//ul[@class='productinfo']/li[span[text()='Availability:']]"}
  (Session info: MicrosoftEdge=138.0.3351.65)
For documentation on this error, please visit: https://www.selenium.dev/documentation/webdriver/troubleshooting/errors#no-such-element-exception
Build info: version: '4.33.0', revision: '2c6aaad03a'
System info: os.name: 'Windows 11', os.arch: 'amd64', os.version: '10.0', java.version: '21.0.1'
Driver info: org.openqa.selenium.edge.EdgeDriver
Command: [ee49e934046bc0b453b37cb37362579b, findElement {using=xpath, value=//ul[@class='productinfo']/li[span[text()='Availability:']]}]
Capabilities {acceptInsecureCerts: false, browserName: MicrosoftEdge, browserVersion: 138.0.3351.65, fedcm:accounts: true, ms:edgeOptions: {debuggerAddress: localhost:57609}, msedge: {msedgedriverVersion: 138.0.3351.65 (81e3782c3ab4..., userDataDir: C:\Users\ARUN\AppData\Local...}, networkConnectionEnabled: false, pageLoadStrategy: normal, platformName: windows, proxy: Proxy(), se:cdp: ws://localhost:57609/devtoo..., se:cdpVersion: 138.0.3351.65, setWindowRect: true, strictFileInteractability: false, timeouts: {implicit: 0, pageLoad: 300000, script: 30000}, unhandledPromptBehavior: dismiss and notify, webauthn:extension:credBlob: true, webauthn:extension:largeBlob: true, webauthn:extension:minPinLength: true, webauthn:extension:prf: true, webauthn:virtualAuthenticators: true}
Session ID: ee49e934046bc0b453b37cb37362579b
